[19:50:36] [main/INFO]: Environment: authHost='https://authserver.mojang.com', accountsHost='https://api.mojang.com', sessionHost='https://sessionserver.mojang.com', name='PROD'
[19:50:37] [main/WARN]: Ambiguity between arguments [teleport, destination] and [teleport, targets] with inputs: [Player, 0123, @e, dd12be42-52a9-4a91-a8a1-11c01849e498]
[19:50:37] [main/WARN]: Ambiguity between arguments [teleport, location] and [teleport, destination] with inputs: [0.1 -0.5 .9, 0 0 0]
[19:50:37] [main/WARN]: Ambiguity between arguments [teleport, location] and [teleport, targets] with inputs: [0.1 -0.5 .9, 0 0 0]
[19:50:37] [main/WARN]: Ambiguity between arguments [teleport, targets] and [teleport, destination] with inputs: [Player, 0123, dd12be42-52a9-4a91-a8a1-11c01849e498]
[19:50:37] [main/WARN]: Ambiguity between arguments [teleport, targets, location] and [teleport, targets, destination] with inputs: [0.1 -0.5 .9, 0 0 0]
[19:50:37] [main/INFO]: Reloading ResourceManager: Default
[19:50:38] [Worker-Main-13/INFO]: Loaded 7 recipes
[19:50:39] [Worker-Main-13/INFO]: Loaded 927 advancements
[19:50:39] [Server thread/INFO]: Starting minecraft server version 1.16.1
[19:50:40] [Server thread/INFO]: Loading properties
[19:50:40] [Server thread/INFO]: Default game type: SURVIVAL
[19:50:40] [Server thread/INFO]: Generating keypair
[19:50:40] [Server thread/INFO]: Starting Minecraft server on *:30000
[19:50:40] [Server thread/INFO]: Using default channel type
[19:50:42] [Server thread/WARN]: **** SERVER IS RUNNING IN OFFLINE/INSECURE MODE!
[19:50:42] [Server thread/WARN]: The server will make no attempt to authenticate usernames. Beware.
[19:50:42] [Server thread/WARN]: While this makes the game possible to play without internet access, it also opens up the ability for hackers to connect with any username they choose.
[19:50:42] [Server thread/WARN]: To change this, set "online-mode" to "true" in the server.properties file.
[19:50:42] [Server thread/INFO]: Preparing level "world"
[19:50:42] [Server thread/INFO]: Preparing start region for dimension minecraft:overworld
[19:50:43] [Server thread/INFO]: Preparing spawn area: 0%
[19:50:43] [Server thread/INFO]: Preparing spawn area: 0%
[19:50:43] [Server thread/INFO]: Preparing spawn area: 0%
[19:50:43] [Server thread/INFO]: Preparing spawn area: 0%
[19:50:44] [Server thread/INFO]: Preparing spawn area: 11%
[19:50:49] [Worker-Main-11/INFO]: Preparing spawn area: 83%
[19:50:49] [Worker-Main-8/INFO]: Preparing spawn area: 83%
[19:50:49] [Worker-Main-10/INFO]: Preparing spawn area: 83%
[19:50:49] [Worker-Main-11/INFO]: Preparing spawn area: 83%
[19:50:49] [Worker-Main-12/INFO]: Preparing spawn area: 83%
[19:50:49] [Worker-Main-14/INFO]: Preparing spawn area: 83%
[19:50:49] [Worker-Main-10/INFO]: Preparing spawn area: 83%
[19:50:49] [Worker-Main-9/INFO]: Preparing spawn area: 83%
[19:50:49] [Worker-Main-9/INFO]: Preparing spawn area: 83%
[19:50:49] [Worker-Main-8/INFO]: Preparing spawn area: 83%
[19:50:50] [Server thread/INFO]: Preparing spawn area: 83%
[19:50:50] [Worker-Main-15/INFO]: Preparing spawn area: 91%
[19:50:50] [Worker-Main-8/INFO]: Preparing spawn area: 91%
[19:50:51] [Worker-Main-8/INFO]: Preparing spawn area: 91%
[19:50:51] [Worker-Main-10/INFO]: Preparing spawn area: 91%
[19:50:52] [Worker-Main-9/INFO]: Preparing spawn area: 91%
[19:50:52] [Worker-Main-12/INFO]: Preparing spawn area: 92%
[19:50:53] [Worker-Main-12/INFO]: Preparing spawn area: 94%
[19:50:53] [Server thread/INFO]: Time elapsed: 11288 ms
[19:50:53] [Server thread/INFO]: Done (11.406s)! For help, type "help"
